# JRE version: OpenJDK Runtime Environment (17.0.7) (build 17.0.7+0-b2043.56-10550314)
# Java VM: OpenJDK 64-Bit Server VM (17.0.7+0-b2043.56-10550314, mixed mode, tiered, compressed oops, compressed class ptrs, g1 gc, windows-amd64)
GC Precious Log:
 CPUs: 12 total, 12 available
 Memory: 3424M
 Large Page Support: Disabled
 NUMA Support: Disabled
 Compressed Oops: Enabled (32-bit)
 Heap Region Size: 1M
 Heap Min Capacity: 8M
 Heap Initial Capacity: 54M
 Heap Max Capacity: 2G
 Pre-touch: Disabled
 Parallel Workers: 10
 Concurrent Workers: 3
 Concurrent Refinement Workers: 10
 Periodic GC: Disabled
Heap:
 garbage-first heap   total 55296K, used 45023K [0x0000000080000000, 0x0000000100000000)
  region size 1024K, 3 young (3072K), 2 survivors (2048K)
 Metaspace       used 29901K, committed 30208K, reserved 1114112K
  class space    used 4058K, committed 4224K, reserved 1048576K
GC Heap History (20 events):
Event: 1.963 GC heap before
{Heap before GC invocations=1 (full 0):
 garbage-first heap   total 55296K, used 30016K [0x0000000080000000, 0x0000000100000000)
  region size 1024K, 22 young (22528K), 3 survivors (3072K)
 Metaspace       used 11414K, committed 11584K, reserved 1114112K
  class space    used 1196K, committed 1280K, reserved 1048576K
}
Event: 1.967 GC heap after
{Heap after GC invocations=2 (full 0):
 garbage-first heap   total 55296K, used 11480K [0x0000000080000000, 0x0000000100000000)
  region size 1024K, 1 young (1024K), 1 survivors (1024K)
 Metaspace       used 11414K, committed 11584K, reserved 1114112K
  class space    used 1196K, committed 1280K, reserved 1048576K
}
Event: 2.431 GC heap before
{Heap before GC invocations=2 (full 0):
 garbage-first heap   total 55296K, used 31960K [0x0000000080000000, 0x0000000100000000)
  region size 1024K, 21 young (21504K), 1 survivors (1024K)
 Metaspace       used 11945K, committed 12160K, reserved 1114112K
  class space    used 1311K, committed 1408K, reserved 1048576K
}
Event: 2.436 GC heap after
{Heap after GC invocations=3 (full 0):
 garbage-first heap   total 55296K, used 16135K [0x0000000080000000, 0x0000000100000000)
  region size 1024K, 3 young (3072K), 3 survivors (3072K)
 Metaspace       used 11945K, committed 12160K, reserved 1114112K
  class space    used 1311K, committed 1408K, reserved 1048576K
}
Event: 4.418 GC heap before
{Heap before GC invocations=3 (full 0):
 garbage-first heap   total 55296K, used 34567K [0x0000000080000000, 0x0000000100000000)
  region size 1024K, 22 young (22528K), 3 survivors (3072K)
 Metaspace       used 19065K, committed 19328K, reserved 1114112K
  class space    used 2221K, committed 2368K, reserved 1048576K
}
Event: 4.422 GC heap after
{Heap after GC invocations=4 (full 0):
 garbage-first heap   total 55296K, used 18933K [0x0000000080000000, 0x0000000100000000)
  region size 1024K, 3 young (3072K), 3 survivors (3072K)
 Metaspace       used 19065K, committed 19328K, reserved 1114112K
  class space    used 2221K, committed 2368K, reserved 1048576K
}
Event: 4.609 GC heap before
{Heap before GC invocations=4 (full 0):
 garbage-first heap   total 55296K, used 29173K [0x0000000080000000, 0x0000000100000000)
  region size 1024K, 15 young (15360K), 3 survivors (3072K)
 Metaspace       used 21316K, committed 21504K, reserved 1114112K
  class space    used 2552K, committed 2624K, reserved 1048576K
}
Event: 4.612 GC heap after
{Heap after GC invocations=5 (full 0):
 garbage-first heap   total 55296K, used 19691K [0x0000000080000000, 0x0000000100000000)
  region size 1024K, 1 young (1024K), 1 survivors (1024K)
 Metaspace       used 21316K, committed 21504K, reserved 1114112K
  class space    used 2552K, committed 2624K, reserved 1048576K
}
Event: 4.942 GC heap before
{Heap before GC invocations=6 (full 0):
 garbage-first heap   total 55296K, used 39147K [0x0000000080000000, 0x0000000100000000)
  region size 1024K, 20 young (20480K), 1 survivors (1024K)
 Metaspace       used 24312K, committed 24576K, reserved 1114112K
  class space    used 3077K, committed 3200K, reserved 1048576K
}
Event: 4.943 GC heap after
{Heap after GC invocations=7 (full 0):
 garbage-first heap   total 55296K, used 20326K [0x0000000080000000, 0x0000000100000000)
  region size 1024K, 2 young (2048K), 2 survivors (2048K)
 Metaspace       used 24312K, committed 24576K, reserved 1114112K
  class space    used 3077K, committed 3200K, reserved 1048576K
}
Event: 5.297 GC heap before
{Heap before GC invocations=7 (full 0):
 garbage-first heap   total 55296K, used 38758K [0x0000000080000000, 0x0000000100000000)
  region size 1024K, 21 young (21504K), 2 survivors (2048K)
 Metaspace       used 26854K, committed 27136K, reserved 1114112K
  class space    used 3536K, committed 3712K, reserved 1048576K
}
Event: 5.300 GC heap after
{Heap after GC invocations=8 (full 0):
 garbage-first heap   total 55296K, used 21598K [0x0000000080000000, 0x0000000100000000)
  region size 1024K, 3 young (3072K), 3 survivors (3072K)
 Metaspace       used 26854K, committed 27136K, reserved 1114112K
  class space    used 3536K, committed 3712K, reserved 1048576K
}
Event: 5.696 GC heap before
{Heap before GC invocations=8 (full 0):
 garbage-first heap   total 55296K, used 41054K [0x0000000080000000, 0x0000000100000000)
  region size 1024K, 22 young (22528K), 3 survivors (3072K)
 Metaspace       used 29643K, committed 30016K, reserved 1114112K
  class space    used 4010K, committed 4160K, reserved 1048576K
}
Event: 5.700 GC heap after
{Heap after GC invocations=9 (full 0):
 garbage-first heap   total 55296K, used 23193K [0x0000000080000000, 0x0000000100000000)
  region size 1024K, 3 young (3072K), 3 survivors (3072K)
 Metaspace       used 29643K, committed 30016K, reserved 1114112K
  class space    used 4010K, committed 4160K, reserved 1048576K
}
Event: 5.753 GC heap before
{Heap before GC invocations=9 (full 0):
 garbage-first heap   total 55296K, used 26265K [0x0000000080000000, 0x0000000100000000)
  region size 1024K, 5 young (5120K), 3 survivors (3072K)
 Metaspace       used 29723K, committed 30080K, reserved 1114112K
  class space    used 4025K, committed 4160K, reserved 1048576K
}
Event: 5.756 GC heap after
{Heap after GC invocations=10 (full 0):
 garbage-first heap   total 55296K, used 25796K [0x0000000080000000, 0x0000000100000000)
  region size 1024K, 3 young (3072K), 3 survivors (3072K)
 Metaspace       used 29723K, committed 30080K, reserved 1114112K
  class space    used 4025K, committed 4160K, reserved 1048576K
}
Event: 5.789 GC heap before
{Heap before GC invocations=10 (full 0):
 garbage-first heap   total 55296K, used 28868K [0x0000000080000000, 0x0000000100000000)
  region size 1024K, 4 young (4096K), 3 survivors (3072K)
 Metaspace       used 29724K, committed 30080K, reserved 1114112K
  class space    used 4025K, committed 4160K, reserved 1048576K
}
Event: 5.791 GC heap after
{Heap after GC invocations=11 (full 0):
 garbage-first heap   total 55296K, used 29302K [0x0000000080000000, 0x0000000100000000)
  region size 1024K, 2 young (2048K), 2 survivors (2048K)
 Metaspace       used 29724K, committed 30080K, reserved 1114112K
  class space    used 4025K, committed 4160K, reserved 1048576K
}
Event: 5.878 GC heap before
{Heap before GC invocations=12 (full 0):
 garbage-first heap   total 55296K, used 33398K [0x0000000080000000, 0x0000000100000000)
  region size 1024K, 5 young (5120K), 2 survivors (2048K)
 Metaspace       used 29901K, committed 30208K, reserved 1114112K
  class space    used 4058K, committed 4224K, reserved 1048576K
}
Event: 5.879 GC heap after
{Heap after GC invocations=13 (full 0):
 garbage-first heap   total 55296K, used 32735K [0x0000000080000000, 0x0000000100000000)
  region size 1024K, 2 young (2048K), 2 survivors (2048K)
 Metaspace       used 29901K, committed 30208K, reserved 1114112K
  class space    used 4058K, committed 4224K, reserved 1048576K
}

